<?xml version="1.0" encoding="UTF-8"?>
<testsuite xmlns:xsi="http://www.w3.org/2001/XMLSchema-instance" xsi:noNamespaceSchemaLocation="https://maven.apache.org/surefire/maven-surefire-plugin/xsd/surefire-test-report-3.0.xsd" version="3.0" name="com.mycompany.app.randoop.RegressionTest5" time="0.257" tests="417" errors="0" skipped="0" failures="0">
  <properties>
[...]
</properties>
  <testcase name="test2501" classname="com.mycompany.app.randoop.RegressionTest5" time="0.0"/>
  <testcase name="test2501" classname="com.mycompany.app.randoop.RegressionTest5" time="0.001"/>
  <testcase name="test2502" classname="com.mycompany.app.randoop.RegressionTest5" time="0.0"/>
  <testcase name="test2502" classname="com.mycompany.app.randoop.RegressionTest5" time="0.0"/>
  <testcase name="test2503" classname="com.mycompany.app.randoop.RegressionTest5" time="0.0"/>
  <testcase name="test2503" classname="com.mycompany.app.randoop.RegressionTest5" time="0.0"/>
  <testcase name="test2504" classname="com.mycompany.app.randoop.RegressionTest5" time="0.0"/>
  <testcase name="test2504" classname="com.mycompany.app.randoop.RegressionTest5" time="0.0"/>
  <testcase name="test2505" classname="com.mycompany.app.randoop.RegressionTest5" time="0.0"/>
  <testcase name="test2505" classname="com.mycompany.app.randoop.RegressionTest5" time="0.0"/>
  <testcase name="test2506" classname="com.mycompany.app.randoop.RegressionTest5" time="0.0"/>
  <testcase name="test2506" classname="com.mycompany.app.randoop.RegressionTest5" time="0.0"/>
  <testcase name="test2507" classname="com.mycompany.app.randoop.RegressionTest5" time="0.0"/>
  <testcase name="test2507" classname="com.mycompany.app.randoop.RegressionTest5" time="0.0"/>
  <testcase name="test2508" classname="com.mycompany.app.randoop.RegressionTest5" time="0.0"/>
  <testcase name="test2508" classname="com.mycompany.app.randoop.RegressionTest5" time="0.001"/>
  <testcase name="test2509" classname="com.mycompany.app.randoop.RegressionTest5" time="0.001"/>
  <testcase name="test2509" classname="com.mycompany.app.randoop.RegressionTest5" time="0.0"/>
  <testcase name="test2510" classname="com.mycompany.app.randoop.RegressionTest5" time="0.0"/>
  <testcase name="test2510" classname="com.mycompany.app.randoop.RegressionTest5" time="0.0"/>
  <testcase name="test2511" classname="com.mycompany.app.randoop.RegressionTest5" time="0.001"/>
  <testcase name="test2511" classname="com.mycompany.app.randoop.RegressionTest5" time="0.0"/>
  <testcase name="test2512" classname="com.mycompany.app.randoop.RegressionTest5" time="0.0"/>
  <testcase name="test2512" classname="com.mycompany.app.randoop.RegressionTest5" time="0.0"/>
  <testcase name="test2513" classname="com.mycompany.app.randoop.RegressionTest5" time="0.0"/>
  <testcase name="test2513" classname="com.mycompany.app.randoop.RegressionTest5" time="0.003"/>
  <testcase name="test2514" classname="com.mycompany.app.randoop.RegressionTest5" time="0.0"/>
  <testcase name="test2514" classname="com.mycompany.app.randoop.RegressionTest5" time="0.0"/>
  <testcase name="test2515" classname="com.mycompany.app.randoop.RegressionTest5" time="0.0"/>
  <testcase name="test2515" classname="com.mycompany.app.randoop.RegressionTest5" time="0.0"/>
  <testcase name="test2516" classname="com.mycompany.app.randoop.RegressionTest5" time="0.001"/>
  <testcase name="test2516" classname="com.mycompany.app.randoop.RegressionTest5" time="0.0"/>
  <testcase name="test2517" classname="com.mycompany.app.randoop.RegressionTest5" time="0.0"/>
  <testcase name="test2517" classname="com.mycompany.app.randoop.RegressionTest5" time="0.0"/>
  <testcase name="test2518" classname="com.mycompany.app.randoop.RegressionTest5" time="0.001"/>
  <testcase name="test2518" classname="com.mycompany.app.randoop.RegressionTest5" time="0.0"/>
  <testcase name="test2519" classname="com.mycompany.app.randoop.RegressionTest5" time="0.0"/>
  <testcase name="test2519" classname="com.mycompany.app.randoop.RegressionTest5" time="0.001"/>
  <testcase name="test2520" classname="com.mycompany.app.randoop.RegressionTest5" time="0.0"/>
  <testcase name="test2520" classname="com.mycompany.app.randoop.RegressionTest5" time="0.0"/>
  <testcase name="test2521" classname="com.mycompany.app.randoop.RegressionTest5" time="0.001"/>
  <testcase name="test2521" classname="com.mycompany.app.randoop.RegressionTest5" time="0.004"/>
  <testcase name="test2522" classname="com.mycompany.app.randoop.RegressionTest5" time="0.0"/>
  <testcase name="test2522" classname="com.mycompany.app.randoop.RegressionTest5" time="0.0"/>
  <testcase name="test2523" classname="com.mycompany.app.randoop.RegressionTest5" time="0.0"/>
  <testcase name="test2523" classname="com.mycompany.app.randoop.RegressionTest5" time="0.0"/>
  <testcase name="test2524" classname="com.mycompany.app.randoop.RegressionTest5" time="0.0"/>
  <testcase name="test2524" classname="com.mycompany.app.randoop.RegressionTest5" time="0.0"/>
  <testcase name="test2525" classname="com.mycompany.app.randoop.RegressionTest5" time="0.001"/>
  <testcase name="test2525" classname="com.mycompany.app.randoop.RegressionTest5" time="0.001"/>
  <testcase name="test2526" classname="com.mycompany.app.randoop.RegressionTest5" time="0.0"/>
  <testcase name="test2526" classname="com.mycompany.app.randoop.RegressionTest5" time="0.0"/>
  <testcase name="test2527" classname="com.mycompany.app.randoop.RegressionTest5" time="0.0"/>
  <testcase name="test2527" classname="com.mycompany.app.randoop.RegressionTest5" time="0.0"/>
  <testcase name="test2528" classname="com.mycompany.app.randoop.RegressionTest5" time="0.0"/>
  <testcase name="test2528" classname="com.mycompany.app.randoop.RegressionTest5" time="0.001"/>
  <testcase name="test2529" classname="com.mycompany.app.randoop.RegressionTest5" time="0.0"/>
  <testcase name="test2529" classname="com.mycompany.app.randoop.RegressionTest5" time="0.0"/>
  <testcase name="test2530" classname="com.mycompany.app.randoop.RegressionTest5" time="0.0"/>
  <testcase name="test2530" classname="com.mycompany.app.randoop.RegressionTest5" time="0.0"/>
  <testcase name="test2531" classname="com.mycompany.app.randoop.RegressionTest5" time="0.0"/>
  <testcase name="test2531" classname="com.mycompany.app.randoop.RegressionTest5" time="0.0"/>
  <testcase name="test2532" classname="com.mycompany.app.randoop.RegressionTest5" time="0.0"/>
  <testcase name="test2532" classname="com.mycompany.app.randoop.RegressionTest5" time="0.0"/>
  <testcase name="test2533" classname="com.mycompany.app.randoop.RegressionTest5" time="0.0"/>
  <testcase name="test2533" classname="com.mycompany.app.randoop.RegressionTest5" time="0.0"/>
  <testcase name="test2534" classname="com.mycompany.app.randoop.RegressionTest5" time="0.0"/>
  <testcase name="test2534" classname="com.mycompany.app.randoop.RegressionTest5" time="0.0"/>
  <testcase name="test2535" classname="com.mycompany.app.randoop.RegressionTest5" time="0.0"/>
  <testcase name="test2535" classname="com.mycompany.app.randoop.RegressionTest5" time="0.0"/>
  <testcase name="test2536" classname="com.mycompany.app.randoop.RegressionTest5" time="0.0"/>
  <testcase name="test2536" classname="com.mycompany.app.randoop.RegressionTest5" time="0.0"/>
  <testcase name="test2537" classname="com.mycompany.app.randoop.RegressionTest5" time="0.0"/>
  <testcase name="test2537" classname="com.mycompany.app.randoop.RegressionTest5" time="0.0"/>
  <testcase name="test2538" classname="com.mycompany.app.randoop.RegressionTest5" time="0.0"/>
  <testcase name="test2538" classname="com.mycompany.app.randoop.RegressionTest5" time="0.001"/>
  <testcase name="test2539" classname="com.mycompany.app.randoop.RegressionTest5" time="0.0"/>
  <testcase name="test2539" classname="com.mycompany.app.randoop.RegressionTest5" time="0.0"/>
  <testcase name="test2540" classname="com.mycompany.app.randoop.RegressionTest5" time="0.0"/>
  <testcase name="test2540" classname="com.mycompany.app.randoop.RegressionTest5" time="0.0"/>
  <testcase name="test2541" classname="com.mycompany.app.randoop.RegressionTest5" time="0.0"/>
  <testcase name="test2541" classname="com.mycompany.app.randoop.RegressionTest5" time="0.0"/>
  <testcase name="test2542" classname="com.mycompany.app.randoop.RegressionTest5" time="0.001"/>
  <testcase name="test2542" classname="com.mycompany.app.randoop.RegressionTest5" time="0.0"/>
  <testcase name="test2543" classname="com.mycompany.app.randoop.RegressionTest5" time="0.0"/>
  <testcase name="test2543" classname="com.mycompany.app.randoop.RegressionTest5" time="0.001"/>
  <testcase name="test2544" classname="com.mycompany.app.randoop.RegressionTest5" time="0.0"/>
  <testcase name="test2544" classname="com.mycompany.app.randoop.RegressionTest5" time="0.0"/>
  <testcase name="test2545" classname="com.mycompany.app.randoop.RegressionTest5" time="0.0"/>
  <testcase name="test2545" classname="com.mycompany.app.randoop.RegressionTest5" time="0.001"/>
  <testcase name="test2546" classname="com.mycompany.app.randoop.RegressionTest5" time="0.0"/>
  <testcase name="test2546" classname="com.mycompany.app.randoop.RegressionTest5" time="0.0"/>
  <testcase name="test2547" classname="com.mycompany.app.randoop.RegressionTest5" time="0.0"/>
  <testcase name="test2547" classname="com.mycompany.app.randoop.RegressionTest5" time="0.001"/>
  <testcase name="test2548" classname="com.mycompany.app.randoop.RegressionTest5" time="0.0"/>
  <testcase name="test2548" classname="com.mycompany.app.randoop.RegressionTest5" time="0.004"/>
  <testcase name="test2549" classname="com.mycompany.app.randoop.RegressionTest5" time="0.0"/>
  <testcase name="test2549" classname="com.mycompany.app.randoop.RegressionTest5" time="0.001"/>
  <testcase name="test2550" classname="com.mycompany.app.randoop.RegressionTest5" time="0.0"/>
  <testcase name="test2550" classname="com.mycompany.app.randoop.RegressionTest5" time="0.0"/>
  <testcase name="test2551" classname="com.mycompany.app.randoop.RegressionTest5" time="0.0"/>
  <testcase name="test2551" classname="com.mycompany.app.randoop.RegressionTest5" time="0.001"/>
  <testcase name="test2552" classname="com.mycompany.app.randoop.RegressionTest5" time="0.0"/>
  <testcase name="test2552" classname="com.mycompany.app.randoop.RegressionTest5" time="0.0"/>
  <testcase name="test2553" classname="com.mycompany.app.randoop.RegressionTest5" time="0.0"/>
  <testcase name="test2553" classname="com.mycompany.app.randoop.RegressionTest5" time="0.001"/>
  <testcase name="test2554" classname="com.mycompany.app.randoop.RegressionTest5" time="0.0"/>
  <testcase name="test2554" classname="com.mycompany.app.randoop.RegressionTest5" time="0.0"/>
  <testcase name="test2555" classname="com.mycompany.app.randoop.RegressionTest5" time="0.0"/>
  <testcase name="test2555" classname="com.mycompany.app.randoop.RegressionTest5" time="0.001"/>
  <testcase name="test2556" classname="com.mycompany.app.randoop.RegressionTest5" time="0.0"/>
  <testcase name="test2556" classname="com.mycompany.app.randoop.RegressionTest5" time="0.0"/>
  <testcase name="test2557" classname="com.mycompany.app.randoop.RegressionTest5" time="0.0"/>
  <testcase name="test2557" classname="com.mycompany.app.randoop.RegressionTest5" time="0.0"/>
  <testcase name="test2558" classname="com.mycompany.app.randoop.RegressionTest5" time="0.0"/>
  <testcase name="test2558" classname="com.mycompany.app.randoop.RegressionTest5" time="0.0"/>
  <testcase name="test2559" classname="com.mycompany.app.randoop.RegressionTest5" time="0.0"/>
  <testcase name="test2559" classname="com.mycompany.app.randoop.RegressionTest5" time="0.0"/>
  <testcase name="test2560" classname="com.mycompany.app.randoop.RegressionTest5" time="0.0"/>
  <testcase name="test2560" classname="com.mycompany.app.randoop.RegressionTest5" time="0.0"/>
  <testcase name="test2561" classname="com.mycompany.app.randoop.RegressionTest5" time="0.0"/>
  <testcase name="test2561" classname="com.mycompany.app.randoop.RegressionTest5" time="0.0"/>
  <testcase name="test2562" classname="com.mycompany.app.randoop.RegressionTest5" time="0.0"/>
  <testcase name="test2562" classname="com.mycompany.app.randoop.RegressionTest5" time="0.0"/>
  <testcase name="test2563" classname="com.mycompany.app.randoop.RegressionTest5" time="0.001"/>
  <testcase name="test2563" classname="com.mycompany.app.randoop.RegressionTest5" time="0.001"/>
  <testcase name="test2564" classname="com.mycompany.app.randoop.RegressionTest5" time="0.0"/>
  <testcase name="test2564" classname="com.mycompany.app.randoop.RegressionTest5" time="0.0"/>
  <testcase name="test2565" classname="com.mycompany.app.randoop.RegressionTest5" time="0.0"/>
  <testcase name="test2565" classname="com.mycompany.app.randoop.RegressionTest5" time="0.0"/>
  <testcase name="test2566" classname="com.mycompany.app.randoop.RegressionTest5" time="0.0"/>
  <testcase name="test2566" classname="com.mycompany.app.randoop.RegressionTest5" time="0.0"/>
  <testcase name="test2567" classname="com.mycompany.app.randoop.RegressionTest5" time="0.0"/>
  <testcase name="test2567" classname="com.mycompany.app.randoop.RegressionTest5" time="0.001"/>
  <testcase name="test2568" classname="com.mycompany.app.randoop.RegressionTest5" time="0.0"/>
  <testcase name="test2568" classname="com.mycompany.app.randoop.RegressionTest5" time="0.0"/>
  <testcase name="test2569" classname="com.mycompany.app.randoop.RegressionTest5" time="0.0"/>
  <testcase name="test2569" classname="com.mycompany.app.randoop.RegressionTest5" time="0.0"/>
  <testcase name="test2570" classname="com.mycompany.app.randoop.RegressionTest5" time="0.0"/>
  <testcase name="test2570" classname="com.mycompany.app.randoop.RegressionTest5" time="0.0"/>
  <testcase name="test2571" classname="com.mycompany.app.randoop.RegressionTest5" time="0.001"/>
  <testcase name="test2571" classname="com.mycompany.app.randoop.RegressionTest5" time="0.0"/>
  <testcase name="test2572" classname="com.mycompany.app.randoop.RegressionTest5" time="0.0"/>
  <testcase name="test2572" classname="com.mycompany.app.randoop.RegressionTest5" time="0.001"/>
  <testcase name="test2573" classname="com.mycompany.app.randoop.RegressionTest5" time="0.0"/>
  <testcase name="test2573" classname="com.mycompany.app.randoop.RegressionTest5" time="0.0"/>
  <testcase name="test2574" classname="com.mycompany.app.randoop.RegressionTest5" time="0.0"/>
  <testcase name="test2574" classname="com.mycompany.app.randoop.RegressionTest5" time="0.0"/>
  <testcase name="test2575" classname="com.mycompany.app.randoop.RegressionTest5" time="0.0"/>
  <testcase name="test2575" classname="com.mycompany.app.randoop.RegressionTest5" time="0.0"/>
  <testcase name="test2576" classname="com.mycompany.app.randoop.RegressionTest5" time="0.0"/>
  <testcase name="test2576" classname="com.mycompany.app.randoop.RegressionTest5" time="0.0"/>
  <testcase name="test2577" classname="com.mycompany.app.randoop.RegressionTest5" time="0.001"/>
  <testcase name="test2577" classname="com.mycompany.app.randoop.RegressionTest5" time="0.0"/>
  <testcase name="test2578" classname="com.mycompany.app.randoop.RegressionTest5" time="0.0"/>
  <testcase name="test2578" classname="com.mycompany.app.randoop.RegressionTest5" time="0.0"/>
  <testcase name="test2579" classname="com.mycompany.app.randoop.RegressionTest5" time="0.0"/>
  <testcase name="test2579" classname="com.mycompany.app.randoop.RegressionTest5" time="0.006"/>
  <testcase name="test2580" classname="com.mycompany.app.randoop.RegressionTest5" time="0.0"/>
  <testcase name="test2580" classname="com.mycompany.app.randoop.RegressionTest5" time="0.0"/>
  <testcase name="test2581" classname="com.mycompany.app.randoop.RegressionTest5" time="0.0"/>
  <testcase name="test2581" classname="com.mycompany.app.randoop.RegressionTest5" time="0.0"/>
  <testcase name="test2582" classname="com.mycompany.app.randoop.RegressionTest5" time="0.0"/>
  <testcase name="test2582" classname="com.mycompany.app.randoop.RegressionTest5" time="0.0"/>
  <testcase name="test2583" classname="com.mycompany.app.randoop.RegressionTest5" time="0.0"/>
  <testcase name="test2583" classname="com.mycompany.app.randoop.RegressionTest5" time="0.0"/>
  <testcase name="test2584" classname="com.mycompany.app.randoop.RegressionTest5" time="0.0"/>
  <testcase name="test2584" classname="com.mycompany.app.randoop.RegressionTest5" time="0.0"/>
  <testcase name="test2585" classname="com.mycompany.app.randoop.RegressionTest5" time="0.0"/>
  <testcase name="test2585" classname="com.mycompany.app.randoop.RegressionTest5" time="0.0"/>
  <testcase name="test2586" classname="com.mycompany.app.randoop.RegressionTest5" time="0.0"/>
  <testcase name="test2586" classname="com.mycompany.app.randoop.RegressionTest5" time="0.0"/>
  <testcase name="test2587" classname="com.mycompany.app.randoop.RegressionTest5" time="0.0"/>
  <testcase name="test2587" classname="com.mycompany.app.randoop.RegressionTest5" time="0.001"/>
  <testcase name="test2588" classname="com.mycompany.app.randoop.RegressionTest5" time="0.0"/>
  <testcase name="test2588" classname="com.mycompany.app.randoop.RegressionTest5" time="0.0"/>
  <testcase name="test2589" classname="com.mycompany.app.randoop.RegressionTest5" time="0.0"/>
  <testcase name="test2589" classname="com.mycompany.app.randoop.RegressionTest5" time="0.001"/>
  <testcase name="test2590" classname="com.mycompany.app.randoop.RegressionTest5" time="0.0"/>
  <testcase name="test2590" classname="com.mycompany.app.randoop.RegressionTest5" time="0.0"/>
  <testcase name="test2591" classname="com.mycompany.app.randoop.RegressionTest5" time="0.0"/>
  <testcase name="test2591" classname="com.mycompany.app.randoop.RegressionTest5" time="0.0"/>
  <testcase name="test2592" classname="com.mycompany.app.randoop.RegressionTest5" time="0.001"/>
  <testcase name="test2592" classname="com.mycompany.app.randoop.RegressionTest5" time="0.0"/>
  <testcase name="test2593" classname="com.mycompany.app.randoop.RegressionTest5" time="0.0"/>
  <testcase name="test2593" classname="com.mycompany.app.randoop.RegressionTest5" time="0.0"/>
  <testcase name="test2594" classname="com.mycompany.app.randoop.RegressionTest5" time="0.0"/>
  <testcase name="test2594" classname="com.mycompany.app.randoop.RegressionTest5" time="0.0"/>
  <testcase name="test2595" classname="com.mycompany.app.randoop.RegressionTest5" time="0.0"/>
  <testcase name="test2595" classname="com.mycompany.app.randoop.RegressionTest5" time="0.0"/>
  <testcase name="test2596" classname="com.mycompany.app.randoop.RegressionTest5" time="0.0"/>
  <testcase name="test2596" classname="com.mycompany.app.randoop.RegressionTest5" time="0.001"/>
  <testcase name="test2597" classname="com.mycompany.app.randoop.RegressionTest5" time="0.0"/>
  <testcase name="test2597" classname="com.mycompany.app.randoop.RegressionTest5" time="0.0"/>
  <testcase name="test2598" classname="com.mycompany.app.randoop.RegressionTest5" time="0.0"/>
  <testcase name="test2598" classname="com.mycompany.app.randoop.RegressionTest5" time="0.003"/>
  <testcase name="test2599" classname="com.mycompany.app.randoop.RegressionTest5" time="0.001"/>
  <testcase name="test2599" classname="com.mycompany.app.randoop.RegressionTest5" time="0.002"/>
  <testcase name="test2600" classname="com.mycompany.app.randoop.RegressionTest5" time="0.0"/>
  <testcase name="test2600" classname="com.mycompany.app.randoop.RegressionTest5" time="0.004"/>
  <testcase name="test2601" classname="com.mycompany.app.randoop.RegressionTest5" time="0.0"/>
  <testcase name="test2601" classname="com.mycompany.app.randoop.RegressionTest5" time="0.0"/>
  <testcase name="test2602" classname="com.mycompany.app.randoop.RegressionTest5" time="0.0"/>
  <testcase name="test2602" classname="com.mycompany.app.randoop.RegressionTest5" time="0.0"/>
  <testcase name="test2603" classname="com.mycompany.app.randoop.RegressionTest5" time="0.0"/>
  <testcase name="test2603" classname="com.mycompany.app.randoop.RegressionTest5" time="0.001"/>
  <testcase name="test2604" classname="com.mycompany.app.randoop.RegressionTest5" time="0.0"/>
  <testcase name="test2604" classname="com.mycompany.app.randoop.RegressionTest5" time="0.001"/>
  <testcase name="test2605" classname="com.mycompany.app.randoop.RegressionTest5" time="0.001"/>
  <testcase name="test2605" classname="com.mycompany.app.randoop.RegressionTest5" time="0.0"/>
  <testcase name="test2606" classname="com.mycompany.app.randoop.RegressionTest5" time="0.0"/>
  <testcase name="test2606" classname="com.mycompany.app.randoop.RegressionTest5" time="0.001"/>
  <testcase name="test2607" classname="com.mycompany.app.randoop.RegressionTest5" time="0.0"/>
  <testcase name="test2607" classname="com.mycompany.app.randoop.RegressionTest5" time="0.0"/>
  <testcase name="test2608" classname="com.mycompany.app.randoop.RegressionTest5" time="0.0"/>
  <testcase name="test2608" classname="com.mycompany.app.randoop.RegressionTest5" time="0.0"/>
  <testcase name="test2609" classname="com.mycompany.app.randoop.RegressionTest5" time="0.0"/>
  <testcase name="test2609" classname="com.mycompany.app.randoop.RegressionTest5" time="0.0"/>
  <testcase name="test2610" classname="com.mycompany.app.randoop.RegressionTest5" time="0.001"/>
  <testcase name="test2610" classname="com.mycompany.app.randoop.RegressionTest5" time="0.0"/>
  <testcase name="test2611" classname="com.mycompany.app.randoop.RegressionTest5" time="0.0"/>
  <testcase name="test2611" classname="com.mycompany.app.randoop.RegressionTest5" time="0.0"/>
  <testcase name="test2612" classname="com.mycompany.app.randoop.RegressionTest5" time="0.0"/>
  <testcase name="test2612" classname="com.mycompany.app.randoop.RegressionTest5" time="0.001"/>
  <testcase name="test2613" classname="com.mycompany.app.randoop.RegressionTest5" time="0.001"/>
  <testcase name="test2613" classname="com.mycompany.app.randoop.RegressionTest5" time="0.0"/>
  <testcase name="test2614" classname="com.mycompany.app.randoop.RegressionTest5" time="0.0"/>
  <testcase name="test2614" classname="com.mycompany.app.randoop.RegressionTest5" time="0.0"/>
  <testcase name="test2615" classname="com.mycompany.app.randoop.RegressionTest5" time="0.001"/>
  <testcase name="test2615" classname="com.mycompany.app.randoop.RegressionTest5" time="0.001"/>
  <testcase name="test2616" classname="com.mycompany.app.randoop.RegressionTest5" time="0.0"/>
  <testcase name="test2616" classname="com.mycompany.app.randoop.RegressionTest5" time="0.0"/>
  <testcase name="test2617" classname="com.mycompany.app.randoop.RegressionTest5" time="0.0"/>
  <testcase name="test2617" classname="com.mycompany.app.randoop.RegressionTest5" time="0.0"/>
  <testcase name="test2618" classname="com.mycompany.app.randoop.RegressionTest5" time="0.0"/>
  <testcase name="test2618" classname="com.mycompany.app.randoop.RegressionTest5" time="0.001"/>
  <testcase name="test2619" classname="com.mycompany.app.randoop.RegressionTest5" time="0.0"/>
  <testcase name="test2619" classname="com.mycompany.app.randoop.RegressionTest5" time="0.0"/>
  <testcase name="test2620" classname="com.mycompany.app.randoop.RegressionTest5" time="0.001"/>
  <testcase name="test2620" classname="com.mycompany.app.randoop.RegressionTest5" time="0.0"/>
  <testcase name="test2621" classname="com.mycompany.app.randoop.RegressionTest5" time="0.0"/>
  <testcase name="test2621" classname="com.mycompany.app.randoop.RegressionTest5" time="0.0"/>
  <testcase name="test2622" classname="com.mycompany.app.randoop.RegressionTest5" time="0.0"/>
  <testcase name="test2622" classname="com.mycompany.app.randoop.RegressionTest5" time="0.0"/>
  <testcase name="test2623" classname="com.mycompany.app.randoop.RegressionTest5" time="0.0"/>
  <testcase name="test2623" classname="com.mycompany.app.randoop.RegressionTest5" time="0.001"/>
  <testcase name="test2624" classname="com.mycompany.app.randoop.RegressionTest5" time="0.0"/>
  <testcase name="test2624" classname="com.mycompany.app.randoop.RegressionTest5" time="0.0"/>
  <testcase name="test2625" classname="com.mycompany.app.randoop.RegressionTest5" time="0.046"/>
  <testcase name="test2625" classname="com.mycompany.app.randoop.RegressionTest5" time="0.0"/>
  <testcase name="test2626" classname="com.mycompany.app.randoop.RegressionTest5" time="0.0"/>
  <testcase name="test2626" classname="com.mycompany.app.randoop.RegressionTest5" time="0.0"/>
  <testcase name="test2627" classname="com.mycompany.app.randoop.RegressionTest5" time="0.0"/>
  <testcase name="test2627" classname="com.mycompany.app.randoop.RegressionTest5" time="0.0"/>
  <testcase name="test2628" classname="com.mycompany.app.randoop.RegressionTest5" time="0.0"/>
  <testcase name="test2628" classname="com.mycompany.app.randoop.RegressionTest5" time="0.0"/>
  <testcase name="test2629" classname="com.mycompany.app.randoop.RegressionTest5" time="0.0"/>
  <testcase name="test2629" classname="com.mycompany.app.randoop.RegressionTest5" time="0.001"/>
  <testcase name="test2630" classname="com.mycompany.app.randoop.RegressionTest5" time="0.001"/>
  <testcase name="test2630" classname="com.mycompany.app.randoop.RegressionTest5" time="0.0"/>
  <testcase name="test2631" classname="com.mycompany.app.randoop.RegressionTest5" time="0.0"/>
  <testcase name="test2631" classname="com.mycompany.app.randoop.RegressionTest5" time="0.0"/>
  <testcase name="test2632" classname="com.mycompany.app.randoop.RegressionTest5" time="0.0"/>
  <testcase name="test2632" classname="com.mycompany.app.randoop.RegressionTest5" time="0.001"/>
  <testcase name="test2633" classname="com.mycompany.app.randoop.RegressionTest5" time="0.0"/>
  <testcase name="test2633" classname="com.mycompany.app.randoop.RegressionTest5" time="0.0"/>
  <testcase name="test2634" classname="com.mycompany.app.randoop.RegressionTest5" time="0.0"/>
  <testcase name="test2634" classname="com.mycompany.app.randoop.RegressionTest5" time="0.0"/>
  <testcase name="test2635" classname="com.mycompany.app.randoop.RegressionTest5" time="0.0"/>
  <testcase name="test2635" classname="com.mycompany.app.randoop.RegressionTest5" time="0.0"/>
  <testcase name="test2636" classname="com.mycompany.app.randoop.RegressionTest5" time="0.0"/>
  <testcase name="test2636" classname="com.mycompany.app.randoop.RegressionTest5" time="0.001"/>
  <testcase name="test2637" classname="com.mycompany.app.randoop.RegressionTest5" time="0.0"/>
  <testcase name="test2637" classname="com.mycompany.app.randoop.RegressionTest5" time="0.0"/>
  <testcase name="test2638" classname="com.mycompany.app.randoop.RegressionTest5" time="0.001"/>
  <testcase name="test2638" classname="com.mycompany.app.randoop.RegressionTest5" time="0.0"/>
  <testcase name="test2639" classname="com.mycompany.app.randoop.RegressionTest5" time="0.0"/>
  <testcase name="test2639" classname="com.mycompany.app.randoop.RegressionTest5" time="0.001"/>
  <testcase name="test2640" classname="com.mycompany.app.randoop.RegressionTest5" time="0.0"/>
  <testcase name="test2640" classname="com.mycompany.app.randoop.RegressionTest5" time="0.0"/>
  <testcase name="test2641" classname="com.mycompany.app.randoop.RegressionTest5" time="0.001"/>
  <testcase name="test2641" classname="com.mycompany.app.randoop.RegressionTest5" time="0.0"/>
  <testcase name="test2642" classname="com.mycompany.app.randoop.RegressionTest5" time="0.0"/>
  <testcase name="test2642" classname="com.mycompany.app.randoop.RegressionTest5" time="0.0"/>
  <testcase name="test2643" classname="com.mycompany.app.randoop.RegressionTest5" time="0.0"/>
  <testcase name="test2643" classname="com.mycompany.app.randoop.RegressionTest5" time="0.0"/>
  <testcase name="test2644" classname="com.mycompany.app.randoop.RegressionTest5" time="0.0"/>
  <testcase name="test2644" classname="com.mycompany.app.randoop.RegressionTest5" time="0.001"/>
  <testcase name="test2645" classname="com.mycompany.app.randoop.RegressionTest5" time="0.0"/>
  <testcase name="test2645" classname="com.mycompany.app.randoop.RegressionTest5" time="0.002"/>
  <testcase name="test2646" classname="com.mycompany.app.randoop.RegressionTest5" time="0.0"/>
  <testcase name="test2646" classname="com.mycompany.app.randoop.RegressionTest5" time="0.0"/>
  <testcase name="test2647" classname="com.mycompany.app.randoop.RegressionTest5" time="0.0"/>
  <testcase name="test2647" classname="com.mycompany.app.randoop.RegressionTest5" time="0.0"/>
  <testcase name="test2648" classname="com.mycompany.app.randoop.RegressionTest5" time="0.0"/>
  <testcase name="test2648" classname="com.mycompany.app.randoop.RegressionTest5" time="0.001"/>
  <testcase name="test2649" classname="com.mycompany.app.randoop.RegressionTest5" time="0.0"/>
  <testcase name="test2649" classname="com.mycompany.app.randoop.RegressionTest5" time="0.0"/>
  <testcase name="test2650" classname="com.mycompany.app.randoop.RegressionTest5" time="0.0"/>
  <testcase name="test2650" classname="com.mycompany.app.randoop.RegressionTest5" time="0.0"/>
  <testcase name="test2651" classname="com.mycompany.app.randoop.RegressionTest5" time="0.0"/>
  <testcase name="test2651" classname="com.mycompany.app.randoop.RegressionTest5" time="0.001"/>
  <testcase name="test2652" classname="com.mycompany.app.randoop.RegressionTest5" time="0.0"/>
  <testcase name="test2652" classname="com.mycompany.app.randoop.RegressionTest5" time="0.0"/>
  <testcase name="test2653" classname="com.mycompany.app.randoop.RegressionTest5" time="0.001"/>
  <testcase name="test2653" classname="com.mycompany.app.randoop.RegressionTest5" time="0.001"/>
  <testcase name="test2654" classname="com.mycompany.app.randoop.RegressionTest5" time="0.0"/>
  <testcase name="test2654" classname="com.mycompany.app.randoop.RegressionTest5" time="0.0"/>
  <testcase name="test2655" classname="com.mycompany.app.randoop.RegressionTest5" time="0.0"/>
  <testcase name="test2655" classname="com.mycompany.app.randoop.RegressionTest5" time="0.0"/>
  <testcase name="test2656" classname="com.mycompany.app.randoop.RegressionTest5" time="0.0"/>
  <testcase name="test2656" classname="com.mycompany.app.randoop.RegressionTest5" time="0.001"/>
  <testcase name="test2657" classname="com.mycompany.app.randoop.RegressionTest5" time="0.0"/>
  <testcase name="test2657" classname="com.mycompany.app.randoop.RegressionTest5" time="0.0"/>
  <testcase name="test2658" classname="com.mycompany.app.randoop.RegressionTest5" time="0.0"/>
  <testcase name="test2658" classname="com.mycompany.app.randoop.RegressionTest5" time="0.0"/>
  <testcase name="test2659" classname="com.mycompany.app.randoop.RegressionTest5" time="0.0"/>
  <testcase name="test2659" classname="com.mycompany.app.randoop.RegressionTest5" time="0.0"/>
  <testcase name="test2660" classname="com.mycompany.app.randoop.RegressionTest5" time="0.0"/>
  <testcase name="test2660" classname="com.mycompany.app.randoop.RegressionTest5" time="0.0"/>
  <testcase name="test2661" classname="com.mycompany.app.randoop.RegressionTest5" time="0.0"/>
  <testcase name="test2661" classname="com.mycompany.app.randoop.RegressionTest5" time="0.0"/>
  <testcase name="test2662" classname="com.mycompany.app.randoop.RegressionTest5" time="0.0"/>
  <testcase name="test2662" classname="com.mycompany.app.randoop.RegressionTest5" time="0.0"/>
  <testcase name="test2663" classname="com.mycompany.app.randoop.RegressionTest5" time="0.0"/>
  <testcase name="test2663" classname="com.mycompany.app.randoop.RegressionTest5" time="0.0"/>
  <testcase name="test2664" classname="com.mycompany.app.randoop.RegressionTest5" time="0.0"/>
  <testcase name="test2664" classname="com.mycompany.app.randoop.RegressionTest5" time="0.0"/>
  <testcase name="test2665" classname="com.mycompany.app.randoop.RegressionTest5" time="0.0"/>
  <testcase name="test2665" classname="com.mycompany.app.randoop.RegressionTest5" time="0.0"/>
  <testcase name="test2666" classname="com.mycompany.app.randoop.RegressionTest5" time="0.0"/>
  <testcase name="test2666" classname="com.mycompany.app.randoop.RegressionTest5" time="0.0"/>
  <testcase name="test2667" classname="com.mycompany.app.randoop.RegressionTest5" time="0.0"/>
  <testcase name="test2667" classname="com.mycompany.app.randoop.RegressionTest5" time="0.0"/>
  <testcase name="test2668" classname="com.mycompany.app.randoop.RegressionTest5" time="0.0"/>
  <testcase name="test2668" classname="com.mycompany.app.randoop.RegressionTest5" time="0.0"/>
  <testcase name="test2669" classname="com.mycompany.app.randoop.RegressionTest5" time="0.0"/>
  <testcase name="test2669" classname="com.mycompany.app.randoop.RegressionTest5" time="0.0"/>
  <testcase name="test2670" classname="com.mycompany.app.randoop.RegressionTest5" time="0.001"/>
  <testcase name="test2670" classname="com.mycompany.app.randoop.RegressionTest5" time="0.0"/>
  <testcase name="test2671" classname="com.mycompany.app.randoop.RegressionTest5" time="0.0"/>
  <testcase name="test2671" classname="com.mycompany.app.randoop.RegressionTest5" time="0.0"/>
  <testcase name="test2672" classname="com.mycompany.app.randoop.RegressionTest5" time="0.0"/>
  <testcase name="test2672" classname="com.mycompany.app.randoop.RegressionTest5" time="0.0"/>
  <testcase name="test2673" classname="com.mycompany.app.randoop.RegressionTest5" time="0.0"/>
  <testcase name="test2673" classname="com.mycompany.app.randoop.RegressionTest5" time="0.0"/>
  <testcase name="test2674" classname="com.mycompany.app.randoop.RegressionTest5" time="0.0"/>
  <testcase name="test2674" classname="com.mycompany.app.randoop.RegressionTest5" time="0.0"/>
  <testcase name="test2675" classname="com.mycompany.app.randoop.RegressionTest5" time="0.0"/>
  <testcase name="test2675" classname="com.mycompany.app.randoop.RegressionTest5" time="0.0"/>
  <testcase name="test2676" classname="com.mycompany.app.randoop.RegressionTest5" time="0.001"/>
  <testcase name="test2676" classname="com.mycompany.app.randoop.RegressionTest5" time="0.0"/>
  <testcase name="test2677" classname="com.mycompany.app.randoop.RegressionTest5" time="0.0"/>
  <testcase name="test2677" classname="com.mycompany.app.randoop.RegressionTest5" time="0.0"/>
  <testcase name="test2678" classname="com.mycompany.app.randoop.RegressionTest5" time="0.0"/>
  <testcase name="test2678" classname="com.mycompany.app.randoop.RegressionTest5" time="0.0"/>
  <testcase name="test2679" classname="com.mycompany.app.randoop.RegressionTest5" time="0.0"/>
  <testcase name="test2679" classname="com.mycompany.app.randoop.RegressionTest5" time="0.0"/>
  <testcase name="test2680" classname="com.mycompany.app.randoop.RegressionTest5" time="0.0"/>
  <testcase name="test2680" classname="com.mycompany.app.randoop.RegressionTest5" time="0.0"/>
  <testcase name="test2681" classname="com.mycompany.app.randoop.RegressionTest5" time="0.004"/>
  <testcase name="test2681" classname="com.mycompany.app.randoop.RegressionTest5" time="0.0"/>
  <testcase name="test2682" classname="com.mycompany.app.randoop.RegressionTest5" time="0.001"/>
  <testcase name="test2682" classname="com.mycompany.app.randoop.RegressionTest5" time="0.0"/>
  <testcase name="test2683" classname="com.mycompany.app.randoop.RegressionTest5" time="0.0"/>
  <testcase name="test2683" classname="com.mycompany.app.randoop.RegressionTest5" time="0.001"/>
  <testcase name="test2684" classname="com.mycompany.app.randoop.RegressionTest5" time="0.0"/>
  <testcase name="test2684" classname="com.mycompany.app.randoop.RegressionTest5" time="0.0"/>
  <testcase name="test2685" classname="com.mycompany.app.randoop.RegressionTest5" time="0.0"/>
  <testcase name="test2685" classname="com.mycompany.app.randoop.RegressionTest5" time="0.001"/>
  <testcase name="test2686" classname="com.mycompany.app.randoop.RegressionTest5" time="0.0"/>
  <testcase name="test2686" classname="com.mycompany.app.randoop.RegressionTest5" time="0.0"/>
  <testcase name="test2687" classname="com.mycompany.app.randoop.RegressionTest5" time="0.0"/>
  <testcase name="test2687" classname="com.mycompany.app.randoop.RegressionTest5" time="0.001"/>
  <testcase name="test2688" classname="com.mycompany.app.randoop.RegressionTest5" time="0.0"/>
  <testcase name="test2688" classname="com.mycompany.app.randoop.RegressionTest5" time="0.0"/>
  <testcase name="test2689" classname="com.mycompany.app.randoop.RegressionTest5" time="0.0"/>
  <testcase name="test2689" classname="com.mycompany.app.randoop.RegressionTest5" time="0.0"/>
  <testcase name="test2690" classname="com.mycompany.app.randoop.RegressionTest5" time="0.0"/>
  <testcase name="test2690" classname="com.mycompany.app.randoop.RegressionTest5" time="0.001"/>
  <testcase name="test2691" classname="com.mycompany.app.randoop.RegressionTest5" time="0.0"/>
  <testcase name="test2691" classname="com.mycompany.app.randoop.RegressionTest5" time="0.0"/>
  <testcase name="test2692" classname="com.mycompany.app.randoop.RegressionTest5" time="0.0"/>
  <testcase name="test2692" classname="com.mycompany.app.randoop.RegressionTest5" time="0.001"/>
  <testcase name="test2693" classname="com.mycompany.app.randoop.RegressionTest5" time="0.0"/>
  <testcase name="test2693" classname="com.mycompany.app.randoop.RegressionTest5" time="0.0"/>
  <testcase name="test2694" classname="com.mycompany.app.randoop.RegressionTest5" time="0.0"/>
  <testcase name="test2694" classname="com.mycompany.app.randoop.RegressionTest5" time="0.0"/>
  <testcase name="test2695" classname="com.mycompany.app.randoop.RegressionTest5" time="0.0"/>
  <testcase name="test2695" classname="com.mycompany.app.randoop.RegressionTest5" time="0.0"/>
  <testcase name="test2696" classname="com.mycompany.app.randoop.RegressionTest5" time="0.001"/>
  <testcase name="test2696" classname="com.mycompany.app.randoop.RegressionTest5" time="0.0"/>
  <testcase name="test2697" classname="com.mycompany.app.randoop.RegressionTest5" time="0.0"/>
  <testcase name="test2697" classname="com.mycompany.app.randoop.RegressionTest5" time="0.001"/>
  <testcase name="test2698" classname="com.mycompany.app.randoop.RegressionTest5" time="0.0"/>
  <testcase name="test2698" classname="com.mycompany.app.randoop.RegressionTest5" time="0.004"/>
  <testcase name="test2699" classname="com.mycompany.app.randoop.RegressionTest5" time="0.0"/>
  <testcase name="test2699" classname="com.mycompany.app.randoop.RegressionTest5" time="0.0"/>
  <testcase name="test2700" classname="com.mycompany.app.randoop.RegressionTest5" time="0.0"/>
  <testcase name="test2700" classname="com.mycompany.app.randoop.RegressionTest5" time="0.001"/>
  <testcase name="test2701" classname="com.mycompany.app.randoop.RegressionTest5" time="0.0"/>
  <testcase name="test2701" classname="com.mycompany.app.randoop.RegressionTest5" time="0.0"/>
  <testcase name="test2702" classname="com.mycompany.app.randoop.RegressionTest5" time="0.006"/>
  <testcase name="test2702" classname="com.mycompany.app.randoop.RegressionTest5" time="0.0"/>
  <testcase name="test2703" classname="com.mycompany.app.randoop.RegressionTest5" time="0.001"/>
  <testcase name="test2703" classname="com.mycompany.app.randoop.RegressionTest5" time="0.0"/>
  <testcase name="test2704" classname="com.mycompany.app.randoop.RegressionTest5" time="0.0"/>
  <testcase name="test2704" classname="com.mycompany.app.randoop.RegressionTest5" time="0.001"/>
  <testcase name="test2705" classname="com.mycompany.app.randoop.RegressionTest5" time="0.0"/>
  <testcase name="test2705" classname="com.mycompany.app.randoop.RegressionTest5" time="0.0"/>
  <testcase name="test2706" classname="com.mycompany.app.randoop.RegressionTest5" time="0.0"/>
  <testcase name="test2706" classname="com.mycompany.app.randoop.RegressionTest5" time="0.0"/>
  <testcase name="test2707" classname="com.mycompany.app.randoop.RegressionTest5" time="0.0"/>
  <testcase name="test2707" classname="com.mycompany.app.randoop.RegressionTest5" time="0.0"/>
  <testcase name="test2708" classname="com.mycompany.app.randoop.RegressionTest5" time="0.0"/>
  <testcase name="test2708" classname="com.mycompany.app.randoop.RegressionTest5" time="0.0"/>
  <testcase name="test2709" classname="com.mycompany.app.randoop.RegressionTest5" time="0.0"/>
  <testcase name="test2709" classname="com.mycompany.app.randoop.RegressionTest5" time="0.001"/>
  <testcase name="test2710" classname="com.mycompany.app.randoop.RegressionTest5" time="0.0"/>
  <testcase name="test2710" classname="com.mycompany.app.randoop.RegressionTest5" time="0.0"/>
  <testcase name="test2711" classname="com.mycompany.app.randoop.RegressionTest5" time="0.0"/>
  <testcase name="test2711" classname="com.mycompany.app.randoop.RegressionTest5" time="0.0"/>
  <testcase name="test2712" classname="com.mycompany.app.randoop.RegressionTest5" time="0.0"/>
  <testcase name="test2712" classname="com.mycompany.app.randoop.RegressionTest5" time="0.0"/>
  <testcase name="test2713" classname="com.mycompany.app.randoop.RegressionTest5" time="0.0"/>
  <testcase name="test2713" classname="com.mycompany.app.randoop.RegressionTest5" time="0.001"/>
  <testcase name="test2714" classname="com.mycompany.app.randoop.RegressionTest5" time="0.0"/>
  <testcase name="test2714" classname="com.mycompany.app.randoop.RegressionTest5" time="0.0"/>
  <testcase name="test2715" classname="com.mycompany.app.randoop.RegressionTest5" time="0.0"/>
  <testcase name="test2715" classname="com.mycompany.app.randoop.RegressionTest5" time="0.0"/>
  <testcase name="test2716" classname="com.mycompany.app.randoop.RegressionTest5" time="0.0"/>
  <testcase name="test2716" classname="com.mycompany.app.randoop.RegressionTest5" time="0.001"/>
  <testcase name="test2717" classname="com.mycompany.app.randoop.RegressionTest5" time="0.0"/>
  <testcase name="test2717" classname="com.mycompany.app.randoop.RegressionTest5" time="0.0"/>
  <testcase name="test2718" classname="com.mycompany.app.randoop.RegressionTest5" time="0.0"/>
  <testcase name="test2718" classname="com.mycompany.app.randoop.RegressionTest5" time="0.0"/>
  <testcase name="test2719" classname="com.mycompany.app.randoop.RegressionTest5" time="0.0"/>
  <testcase name="test2719" classname="com.mycompany.app.randoop.RegressionTest5" time="0.0"/>
  <testcase name="test2720" classname="com.mycompany.app.randoop.RegressionTest5" time="0.0"/>
  <testcase name="test2720" classname="com.mycompany.app.randoop.RegressionTest5" time="0.001"/>
  <testcase name="test2721" classname="com.mycompany.app.randoop.RegressionTest5" time="0.0"/>
  <testcase name="test2721" classname="com.mycompany.app.randoop.RegressionTest5" time="0.0"/>
  <testcase name="test2722" classname="com.mycompany.app.randoop.RegressionTest5" time="0.0"/>
  <testcase name="test2722" classname="com.mycompany.app.randoop.RegressionTest5" time="0.0"/>
  <testcase name="test2723" classname="com.mycompany.app.randoop.RegressionTest5" time="0.0"/>
  <testcase name="test2723" classname="com.mycompany.app.randoop.RegressionTest5" time="0.001"/>
  <testcase name="test2724" classname="com.mycompany.app.randoop.RegressionTest5" time="0.001"/>
  <testcase name="test2724" classname="com.mycompany.app.randoop.RegressionTest5" time="0.0"/>
  <testcase name="test2725" classname="com.mycompany.app.randoop.RegressionTest5" time="0.0"/>
  <testcase name="test2725" classname="com.mycompany.app.randoop.RegressionTest5" time="0.0"/>
  <testcase name="test2726" classname="com.mycompany.app.randoop.RegressionTest5" time="0.0"/>
  <testcase name="test2726" classname="com.mycompany.app.randoop.RegressionTest5" time="0.0"/>
  <testcase name="test2727" classname="com.mycompany.app.randoop.RegressionTest5" time="0.0"/>
  <testcase name="test2727" classname="com.mycompany.app.randoop.RegressionTest5" time="0.0"/>
  <testcase name="test2728" classname="com.mycompany.app.randoop.RegressionTest5" time="0.0"/>
  <testcase name="test2728" classname="com.mycompany.app.randoop.RegressionTest5" time="0.001"/>
  <testcase name="test2729" classname="com.mycompany.app.randoop.RegressionTest5" time="0.0"/>
  <testcase name="test2729" classname="com.mycompany.app.randoop.RegressionTest5" time="0.0"/>
  <testcase name="test2730" classname="com.mycompany.app.randoop.RegressionTest5" time="0.0"/>
  <testcase name="test2730" classname="com.mycompany.app.randoop.RegressionTest5" time="0.0"/>
  <testcase name="test2731" classname="com.mycompany.app.randoop.RegressionTest5" time="0.0"/>
  <testcase name="test2731" classname="com.mycompany.app.randoop.RegressionTest5" time="0.0"/>
  <testcase name="test2732" classname="com.mycompany.app.randoop.RegressionTest5" time="0.0"/>
  <testcase name="test2732" classname="com.mycompany.app.randoop.RegressionTest5" time="0.0"/>
  <testcase name="test2733" classname="com.mycompany.app.randoop.RegressionTest5" time="0.0"/>
  <testcase name="test2733" classname="com.mycompany.app.randoop.RegressionTest5" time="0.0"/>
  <testcase name="test2734" classname="com.mycompany.app.randoop.RegressionTest5" time="0.0"/>
  <testcase name="test2734" classname="com.mycompany.app.randoop.RegressionTest5" time="0.0"/>
  <testcase name="test2735" classname="com.mycompany.app.randoop.RegressionTest5" time="0.0"/>
  <testcase name="test2735" classname="com.mycompany.app.randoop.RegressionTest5" time="0.0"/>
  <testcase name="test2736" classname="com.mycompany.app.randoop.RegressionTest5" time="0.0"/>
  <testcase name="test2736" classname="com.mycompany.app.randoop.RegressionTest5" time="0.0"/>
  <testcase name="test2737" classname="com.mycompany.app.randoop.RegressionTest5" time="0.0"/>
  <testcase name="test2737" classname="com.mycompany.app.randoop.RegressionTest5" time="0.0"/>
  <testcase name="test2738" classname="com.mycompany.app.randoop.RegressionTest5" time="0.0"/>
  <testcase name="test2738" classname="com.mycompany.app.randoop.RegressionTest5" time="0.0"/>
  <testcase name="test2739" classname="com.mycompany.app.randoop.RegressionTest5" time="0.001"/>
  <testcase name="test2739" classname="com.mycompany.app.randoop.RegressionTest5" time="0.0"/>
  <testcase name="test2740" classname="com.mycompany.app.randoop.RegressionTest5" time="0.0"/>
  <testcase name="test2740" classname="com.mycompany.app.randoop.RegressionTest5" time="0.0"/>
  <testcase name="test2741" classname="com.mycompany.app.randoop.RegressionTest5" time="0.0"/>
  <testcase name="test2741" classname="com.mycompany.app.randoop.RegressionTest5" time="0.0"/>
  <testcase name="test2742" classname="com.mycompany.app.randoop.RegressionTest5" time="0.0"/>
  <testcase name="test2742" classname="com.mycompany.app.randoop.RegressionTest5" time="0.0"/>
  <testcase name="test2743" classname="com.mycompany.app.randoop.RegressionTest5" time="0.0"/>
  <testcase name="test2743" classname="com.mycompany.app.randoop.RegressionTest5" time="0.001"/>
  <testcase name="test2744" classname="com.mycompany.app.randoop.RegressionTest5" time="0.0"/>
  <testcase name="test2744" classname="com.mycompany.app.randoop.RegressionTest5" time="0.0"/>
  <testcase name="test2745" classname="com.mycompany.app.randoop.RegressionTest5" time="0.0"/>
  <testcase name="test2745" classname="com.mycompany.app.randoop.RegressionTest5" time="0.0"/>
  <testcase name="test2746" classname="com.mycompany.app.randoop.RegressionTest5" time="0.0"/>
  <testcase name="test2746" classname="com.mycompany.app.randoop.RegressionTest5" time="0.0"/>
  <testcase name="test2747" classname="com.mycompany.app.randoop.RegressionTest5" time="0.0"/>
  <testcase name="test2747" classname="com.mycompany.app.randoop.RegressionTest5" time="0.0"/>
  <testcase name="test2748" classname="com.mycompany.app.randoop.RegressionTest5" time="0.0"/>
  <testcase name="test2748" classname="com.mycompany.app.randoop.RegressionTest5" time="0.0"/>
  <testcase name="test2749" classname="com.mycompany.app.randoop.RegressionTest5" time="0.0"/>
  <testcase name="test2749" classname="com.mycompany.app.randoop.RegressionTest5" time="0.0"/>
  <testcase name="test2750" classname="com.mycompany.app.randoop.RegressionTest5" time="0.0"/>
  <testcase name="test2750" classname="com.mycompany.app.randoop.RegressionTest5" time="0.0"/>
  <testcase name="test2751" classname="com.mycompany.app.randoop.RegressionTest5" time="0.0"/>
  <testcase name="test2751" classname="com.mycompany.app.randoop.RegressionTest5" time="0.001"/>
  <testcase name="test2752" classname="com.mycompany.app.randoop.RegressionTest5" time="0.0"/>
  <testcase name="test2752" classname="com.mycompany.app.randoop.RegressionTest5" time="0.0"/>
  <testcase name="test2753" classname="com.mycompany.app.randoop.RegressionTest5" time="0.0"/>
  <testcase name="test2753" classname="com.mycompany.app.randoop.RegressionTest5" time="0.0"/>
  <testcase name="test2754" classname="com.mycompany.app.randoop.RegressionTest5" time="0.0"/>
  <testcase name="test2754" classname="com.mycompany.app.randoop.RegressionTest5" time="0.0"/>
  <testcase name="test2755" classname="com.mycompany.app.randoop.RegressionTest5" time="0.0"/>
  <testcase name="test2755" classname="com.mycompany.app.randoop.RegressionTest5" time="0.001"/>
  <testcase name="test2756" classname="com.mycompany.app.randoop.RegressionTest5" time="0.0"/>
  <testcase name="test2756" classname="com.mycompany.app.randoop.RegressionTest5" time="0.0"/>
  <testcase name="test2757" classname="com.mycompany.app.randoop.RegressionTest5" time="0.0"/>
  <testcase name="test2757" classname="com.mycompany.app.randoop.RegressionTest5" time="0.0"/>
  <testcase name="test2758" classname="com.mycompany.app.randoop.RegressionTest5" time="0.0"/>
  <testcase name="test2758" classname="com.mycompany.app.randoop.RegressionTest5" time="0.001"/>
  <testcase name="test2759" classname="com.mycompany.app.randoop.RegressionTest5" time="0.0"/>
  <testcase name="test2759" classname="com.mycompany.app.randoop.RegressionTest5" time="0.0"/>
  <testcase name="test2760" classname="com.mycompany.app.randoop.RegressionTest5" time="0.0"/>
  <testcase name="test2760" classname="com.mycompany.app.randoop.RegressionTest5" time="0.001"/>
  <testcase name="test2761" classname="com.mycompany.app.randoop.RegressionTest5" time="0.0"/>
  <testcase name="test2761" classname="com.mycompany.app.randoop.RegressionTest5" time="0.0"/>
  <testcase name="test2762" classname="com.mycompany.app.randoop.RegressionTest5" time="0.0"/>
  <testcase name="test2762" classname="com.mycompany.app.randoop.RegressionTest5" time="0.0"/>
  <testcase name="test2763" classname="com.mycompany.app.randoop.RegressionTest5" time="0.0"/>
  <testcase name="test2763" classname="com.mycompany.app.randoop.RegressionTest5" time="0.0"/>
  <testcase name="test2764" classname="com.mycompany.app.randoop.RegressionTest5" time="0.0"/>
  <testcase name="test2764" classname="com.mycompany.app.randoop.RegressionTest5" time="0.0"/>
  <testcase name="test2765" classname="com.mycompany.app.randoop.RegressionTest5" time="0.001"/>
  <testcase name="test2765" classname="com.mycompany.app.randoop.RegressionTest5" time="0.0"/>
  <testcase name="test2766" classname="com.mycompany.app.randoop.RegressionTest5" time="0.0"/>
  <testcase name="test2766" classname="com.mycompany.app.randoop.RegressionTest5" time="0.0"/>
  <testcase name="test2767" classname="com.mycompany.app.randoop.RegressionTest5" time="0.0"/>
  <testcase name="test2767" classname="com.mycompany.app.randoop.RegressionTest5" time="0.001"/>
  <testcase name="test2768" classname="com.mycompany.app.randoop.RegressionTest5" time="0.0"/>
  <testcase name="test2768" classname="com.mycompany.app.randoop.RegressionTest5" time="0.0"/>
  <testcase name="test2769" classname="com.mycompany.app.randoop.RegressionTest5" time="0.0"/>
  <testcase name="test2769" classname="com.mycompany.app.randoop.RegressionTest5" time="0.0"/>
  <testcase name="test2770" classname="com.mycompany.app.randoop.RegressionTest5" time="0.0"/>
  <testcase name="test2770" classname="com.mycompany.app.randoop.RegressionTest5" time="0.0"/>
  <testcase name="test2771" classname="com.mycompany.app.randoop.RegressionTest5" time="0.0"/>
  <testcase name="test2771" classname="com.mycompany.app.randoop.RegressionTest5" time="0.0"/>
  <testcase name="test2772" classname="com.mycompany.app.randoop.RegressionTest5" time="0.0"/>
  <testcase name="test2772" classname="com.mycompany.app.randoop.RegressionTest5" time="0.0"/>
  <testcase name="test2773" classname="com.mycompany.app.randoop.RegressionTest5" time="0.0"/>
  <testcase name="test2773" classname="com.mycompany.app.randoop.RegressionTest5" time="0.001"/>
  <testcase name="test2774" classname="com.mycompany.app.randoop.RegressionTest5" time="0.0"/>
  <testcase name="test2774" classname="com.mycompany.app.randoop.RegressionTest5" time="0.0"/>
  <testcase name="test2775" classname="com.mycompany.app.randoop.RegressionTest5" time="0.0"/>
  <testcase name="test2775" classname="com.mycompany.app.randoop.RegressionTest5" time="0.0"/>
  <testcase name="test2776" classname="com.mycompany.app.randoop.RegressionTest5" time="0.0"/>
  <testcase name="test2776" classname="com.mycompany.app.randoop.RegressionTest5" time="0.0"/>
  <testcase name="test2777" classname="com.mycompany.app.randoop.RegressionTest5" time="0.0"/>
  <testcase name="test2777" classname="com.mycompany.app.randoop.RegressionTest5" time="0.001"/>
  <testcase name="test2778" classname="com.mycompany.app.randoop.RegressionTest5" time="0.0"/>
  <testcase name="test2778" classname="com.mycompany.app.randoop.RegressionTest5" time="0.0"/>
  <testcase name="test2779" classname="com.mycompany.app.randoop.RegressionTest5" time="0.001"/>
  <testcase name="test2779" classname="com.mycompany.app.randoop.RegressionTest5" time="0.001"/>
  <testcase name="test2780" classname="com.mycompany.app.randoop.RegressionTest5" time="0.0"/>
  <testcase name="test2780" classname="com.mycompany.app.randoop.RegressionTest5" time="0.0"/>
  <testcase name="test2781" classname="com.mycompany.app.randoop.RegressionTest5" time="0.0"/>
  <testcase name="test2781" classname="com.mycompany.app.randoop.RegressionTest5" time="0.0"/>
  <testcase name="test2782" classname="com.mycompany.app.randoop.RegressionTest5" time="0.0"/>
  <testcase name="test2782" classname="com.mycompany.app.randoop.RegressionTest5" time="0.001"/>
  <testcase name="test2783" classname="com.mycompany.app.randoop.RegressionTest5" time="0.0"/>
  <testcase name="test2783" classname="com.mycompany.app.randoop.RegressionTest5" time="0.0"/>
  <testcase name="test2784" classname="com.mycompany.app.randoop.RegressionTest5" time="0.0"/>
  <testcase name="test2784" classname="com.mycompany.app.randoop.RegressionTest5" time="0.0"/>
  <testcase name="test2785" classname="com.mycompany.app.randoop.RegressionTest5" time="0.0"/>
  <testcase name="test2785" classname="com.mycompany.app.randoop.RegressionTest5" time="0.0"/>
  <testcase name="test2786" classname="com.mycompany.app.randoop.RegressionTest5" time="0.0"/>
  <testcase name="test2786" classname="com.mycompany.app.randoop.RegressionTest5" time="0.0"/>
  <testcase name="test2787" classname="com.mycompany.app.randoop.RegressionTest5" time="0.001"/>
  <testcase name="test2787" classname="com.mycompany.app.randoop.RegressionTest5" time="0.0"/>
  <testcase name="test2788" classname="com.mycompany.app.randoop.RegressionTest5" time="0.0"/>
  <testcase name="test2788" classname="com.mycompany.app.randoop.RegressionTest5" time="0.0"/>
  <testcase name="test2789" classname="com.mycompany.app.randoop.RegressionTest5" time="0.0"/>
  <testcase name="test2789" classname="com.mycompany.app.randoop.RegressionTest5" time="0.001"/>
  <testcase name="test2790" classname="com.mycompany.app.randoop.RegressionTest5" time="0.0"/>
  <testcase name="test2790" classname="com.mycompany.app.randoop.RegressionTest5" time="0.0"/>
  <testcase name="test2791" classname="com.mycompany.app.randoop.RegressionTest5" time="0.0"/>
  <testcase name="test2791" classname="com.mycompany.app.randoop.RegressionTest5" time="0.0"/>
  <testcase name="test2792" classname="com.mycompany.app.randoop.RegressionTest5" time="0.0"/>
  <testcase name="test2792" classname="com.mycompany.app.randoop.RegressionTest5" time="0.0"/>
  <testcase name="test2793" classname="com.mycompany.app.randoop.RegressionTest5" time="0.001"/>
  <testcase name="test2793" classname="com.mycompany.app.randoop.RegressionTest5" time="0.001"/>
  <testcase name="test2794" classname="com.mycompany.app.randoop.RegressionTest5" time="0.0"/>
  <testcase name="test2794" classname="com.mycompany.app.randoop.RegressionTest5" time="0.0"/>
  <testcase name="test2795" classname="com.mycompany.app.randoop.RegressionTest5" time="0.0"/>
  <testcase name="test2795" classname="com.mycompany.app.randoop.RegressionTest5" time="0.001"/>
  <testcase name="test2796" classname="com.mycompany.app.randoop.RegressionTest5" time="0.0"/>
  <testcase name="test2796" classname="com.mycompany.app.randoop.RegressionTest5" time="0.0"/>
  <testcase name="test2797" classname="com.mycompany.app.randoop.RegressionTest5" time="0.0"/>
  <testcase name="test2797" classname="com.mycompany.app.randoop.RegressionTest5" time="0.0"/>
  <testcase name="test2798" classname="com.mycompany.app.randoop.RegressionTest5" time="0.0"/>
  <testcase name="test2798" classname="com.mycompany.app.randoop.RegressionTest5" time="0.001"/>
  <testcase name="test2799" classname="com.mycompany.app.randoop.RegressionTest5" time="0.001"/>
  <testcase name="test2799" classname="com.mycompany.app.randoop.RegressionTest5" time="0.0"/>
  <testcase name="test2800" classname="com.mycompany.app.randoop.RegressionTest5" time="0.0"/>
  <testcase name="test2800" classname="com.mycompany.app.randoop.RegressionTest5" time="0.0"/>
  <testcase name="test2801" classname="com.mycompany.app.randoop.RegressionTest5" time="0.0"/>
  <testcase name="test2801" classname="com.mycompany.app.randoop.RegressionTest5" time="0.001"/>
  <testcase name="test2802" classname="com.mycompany.app.randoop.RegressionTest5" time="0.001"/>
  <testcase name="test2802" classname="com.mycompany.app.randoop.RegressionTest5" time="0.0"/>
  <testcase name="test2803" classname="com.mycompany.app.randoop.RegressionTest5" time="0.0"/>
  <testcase name="test2803" classname="com.mycompany.app.randoop.RegressionTest5" time="0.0"/>
  <testcase name="test2804" classname="com.mycompany.app.randoop.RegressionTest5" time="0.0"/>
  <testcase name="test2804" classname="com.mycompany.app.randoop.RegressionTest5" time="0.0"/>
  <testcase name="test2805" classname="com.mycompany.app.randoop.RegressionTest5" time="0.0"/>
  <testcase name="test2805" classname="com.mycompany.app.randoop.RegressionTest5" time="0.001"/>
  <testcase name="test2806" classname="com.mycompany.app.randoop.RegressionTest5" time="0.0"/>
  <testcase name="test2806" classname="com.mycompany.app.randoop.RegressionTest5" time="0.0"/>
  <testcase name="test2807" classname="com.mycompany.app.randoop.RegressionTest5" time="0.0"/>
  <testcase name="test2807" classname="com.mycompany.app.randoop.RegressionTest5" time="0.0"/>
  <testcase name="test2808" classname="com.mycompany.app.randoop.RegressionTest5" time="0.0"/>
  <testcase name="test2808" classname="com.mycompany.app.randoop.RegressionTest5" time="0.0"/>
  <testcase name="test2809" classname="com.mycompany.app.randoop.RegressionTest5" time="0.0"/>
  <testcase name="test2809" classname="com.mycompany.app.randoop.RegressionTest5" time="0.001"/>
  <testcase name="test2810" classname="com.mycompany.app.randoop.RegressionTest5" time="0.0"/>
  <testcase name="test2810" classname="com.mycompany.app.randoop.RegressionTest5" time="0.0"/>
  <testcase name="test2811" classname="com.mycompany.app.randoop.RegressionTest5" time="0.0"/>
  <testcase name="test2811" classname="com.mycompany.app.randoop.RegressionTest5" time="0.0"/>
  <testcase name="test2812" classname="com.mycompany.app.randoop.RegressionTest5" time="0.0"/>
  <testcase name="test2812" classname="com.mycompany.app.randoop.RegressionTest5" time="0.0"/>
  <testcase name="test2813" classname="com.mycompany.app.randoop.RegressionTest5" time="0.0"/>
  <testcase name="test2813" classname="com.mycompany.app.randoop.RegressionTest5" time="0.0"/>
  <testcase name="test2814" classname="com.mycompany.app.randoop.RegressionTest5" time="0.0"/>
  <testcase name="test2814" classname="com.mycompany.app.randoop.RegressionTest5" time="0.0"/>
  <testcase name="test2815" classname="com.mycompany.app.randoop.RegressionTest5" time="0.0"/>
  <testcase name="test2815" classname="com.mycompany.app.randoop.RegressionTest5" time="0.0"/>
  <testcase name="test2816" classname="com.mycompany.app.randoop.RegressionTest5" time="0.0"/>
  <testcase name="test2816" classname="com.mycompany.app.randoop.RegressionTest5" time="0.0"/>
  <testcase name="test2817" classname="com.mycompany.app.randoop.RegressionTest5" time="0.0"/>
  <testcase name="test2817" classname="com.mycompany.app.randoop.RegressionTest5" time="0.0"/>
  <testcase name="test2818" classname="com.mycompany.app.randoop.RegressionTest5" time="0.0"/>
  <testcase name="test2818" classname="com.mycompany.app.randoop.RegressionTest5" time="0.0"/>
  <testcase name="test2819" classname="com.mycompany.app.randoop.RegressionTest5" time="0.0"/>
  <testcase name="test2819" classname="com.mycompany.app.randoop.RegressionTest5" time="0.0"/>
  <testcase name="test2820" classname="com.mycompany.app.randoop.RegressionTest5" time="0.0"/>
  <testcase name="test2820" classname="com.mycompany.app.randoop.RegressionTest5" time="0.0"/>
  <testcase name="test2821" classname="com.mycompany.app.randoop.RegressionTest5" time="0.0"/>
  <testcase name="test2821" classname="com.mycompany.app.randoop.RegressionTest5" time="0.006"/>
  <testcase name="test2822" classname="com.mycompany.app.randoop.RegressionTest5" time="0.0"/>
  <testcase name="test2822" classname="com.mycompany.app.randoop.RegressionTest5" time="0.0"/>
  <testcase name="test2823" classname="com.mycompany.app.randoop.RegressionTest5" time="0.0"/>
  <testcase name="test2823" classname="com.mycompany.app.randoop.RegressionTest5" time="0.0"/>
  <testcase name="test2824" classname="com.mycompany.app.randoop.RegressionTest5" time="0.003"/>
  <testcase name="test2824" classname="com.mycompany.app.randoop.RegressionTest5" time="0.0"/>
  <testcase name="test2825" classname="com.mycompany.app.randoop.RegressionTest5" time="0.0"/>
  <testcase name="test2825" classname="com.mycompany.app.randoop.RegressionTest5" time="0.0"/>
  <testcase name="test2826" classname="com.mycompany.app.randoop.RegressionTest5" time="0.0"/>
  <testcase name="test2826" classname="com.mycompany.app.randoop.RegressionTest5" time="0.0"/>
  <testcase name="test2827" classname="com.mycompany.app.randoop.RegressionTest5" time="0.0"/>
  <testcase name="test2827" classname="com.mycompany.app.randoop.RegressionTest5" time="0.0"/>
  <testcase name="test2828" classname="com.mycompany.app.randoop.RegressionTest5" time="0.0"/>
  <testcase name="test2828" classname="com.mycompany.app.randoop.RegressionTest5" time="0.001"/>
  <testcase name="test2829" classname="com.mycompany.app.randoop.RegressionTest5" time="0.0"/>
  <testcase name="test2829" classname="com.mycompany.app.randoop.RegressionTest5" time="0.0"/>
  <testcase name="test2830" classname="com.mycompany.app.randoop.RegressionTest5" time="0.001"/>
  <testcase name="test2830" classname="com.mycompany.app.randoop.RegressionTest5" time="0.001"/>
  <testcase name="test2831" classname="com.mycompany.app.randoop.RegressionTest5" time="0.0"/>
  <testcase name="test2831" classname="com.mycompany.app.randoop.RegressionTest5" time="0.0"/>
  <testcase name="test2832" classname="com.mycompany.app.randoop.RegressionTest5" time="0.0"/>
  <testcase name="test2832" classname="com.mycompany.app.randoop.RegressionTest5" time="0.0"/>
  <testcase name="test2833" classname="com.mycompany.app.randoop.RegressionTest5" time="0.0"/>
  <testcase name="test2833" classname="com.mycompany.app.randoop.RegressionTest5" time="0.001"/>
  <testcase name="test2834" classname="com.mycompany.app.randoop.RegressionTest5" time="0.0"/>
  <testcase name="test2834" classname="com.mycompany.app.randoop.RegressionTest5" time="0.0"/>
  <testcase name="test2835" classname="com.mycompany.app.randoop.RegressionTest5" time="0.001"/>
  <testcase name="test2835" classname="com.mycompany.app.randoop.RegressionTest5" time="0.0"/>
  <testcase name="test2836" classname="com.mycompany.app.randoop.RegressionTest5" time="0.0"/>
  <testcase name="test2836" classname="com.mycompany.app.randoop.RegressionTest5" time="0.001"/>
  <testcase name="test2837" classname="com.mycompany.app.randoop.RegressionTest5" time="0.0"/>
  <testcase name="test2837" classname="com.mycompany.app.randoop.RegressionTest5" time="0.0"/>
  <testcase name="test2838" classname="com.mycompany.app.randoop.RegressionTest5" time="0.0"/>
  <testcase name="test2838" classname="com.mycompany.app.randoop.RegressionTest5" time="0.0"/>
  <testcase name="test2839" classname="com.mycompany.app.randoop.RegressionTest5" time="0.001"/>
  <testcase name="test2839" classname="com.mycompany.app.randoop.RegressionTest5" time="0.001"/>
  <testcase name="test2840" classname="com.mycompany.app.randoop.RegressionTest5" time="0.0"/>
  <testcase name="test2840" classname="com.mycompany.app.randoop.RegressionTest5" time="0.0"/>
  <testcase name="test2841" classname="com.mycompany.app.randoop.RegressionTest5" time="0.0"/>
  <testcase name="test2841" classname="com.mycompany.app.randoop.RegressionTest5" time="0.001"/>
  <testcase name="test2842" classname="com.mycompany.app.randoop.RegressionTest5" time="0.0"/>
  <testcase name="test2842" classname="com.mycompany.app.randoop.RegressionTest5" time="0.0"/>
  <testcase name="test2843" classname="com.mycompany.app.randoop.RegressionTest5" time="0.001"/>
  <testcase name="test2843" classname="com.mycompany.app.randoop.RegressionTest5" time="0.0"/>
  <testcase name="test2844" classname="com.mycompany.app.randoop.RegressionTest5" time="0.0"/>
  <testcase name="test2844" classname="com.mycompany.app.randoop.RegressionTest5" time="0.001"/>
  <testcase name="test2845" classname="com.mycompany.app.randoop.RegressionTest5" time="0.0"/>
  <testcase name="test2845" classname="com.mycompany.app.randoop.RegressionTest5" time="0.004"/>
  <testcase name="test2846" classname="com.mycompany.app.randoop.RegressionTest5" time="0.0"/>
  <testcase name="test2846" classname="com.mycompany.app.randoop.RegressionTest5" time="0.0"/>
  <testcase name="test2847" classname="com.mycompany.app.randoop.RegressionTest5" time="0.001"/>
  <testcase name="test2847" classname="com.mycompany.app.randoop.RegressionTest5" time="0.003"/>
  <testcase name="test2848" classname="com.mycompany.app.randoop.RegressionTest5" time="0.0"/>
  <testcase name="test2848" classname="com.mycompany.app.randoop.RegressionTest5" time="0.0"/>
  <testcase name="test2849" classname="com.mycompany.app.randoop.RegressionTest5" time="0.0"/>
  <testcase name="test2849" classname="com.mycompany.app.randoop.RegressionTest5" time="0.0"/>
  <testcase name="test2850" classname="com.mycompany.app.randoop.RegressionTest5" time="0.0"/>
  <testcase name="test2850" classname="com.mycompany.app.randoop.RegressionTest5" time="0.001"/>
  <testcase name="test2851" classname="com.mycompany.app.randoop.RegressionTest5" time="0.0"/>
  <testcase name="test2851" classname="com.mycompany.app.randoop.RegressionTest5" time="0.0"/>
  <testcase name="test2852" classname="com.mycompany.app.randoop.RegressionTest5" time="0.001"/>
  <testcase name="test2852" classname="com.mycompany.app.randoop.RegressionTest5" time="0.001"/>
  <testcase name="test2853" classname="com.mycompany.app.randoop.RegressionTest5" time="0.0"/>
  <testcase name="test2853" classname="com.mycompany.app.randoop.RegressionTest5" time="0.0"/>
  <testcase name="test2854" classname="com.mycompany.app.randoop.RegressionTest5" time="0.0"/>
  <testcase name="test2854" classname="com.mycompany.app.randoop.RegressionTest5" time="0.0"/>
  <testcase name="test2855" classname="com.mycompany.app.randoop.RegressionTest5" time="0.0"/>
  <testcase name="test2855" classname="com.mycompany.app.randoop.RegressionTest5" time="0.0"/>
  <testcase name="test2856" classname="com.mycompany.app.randoop.RegressionTest5" time="0.003"/>
  <testcase name="test2856" classname="com.mycompany.app.randoop.RegressionTest5" time="0.0"/>
  <testcase name="test2857" classname="com.mycompany.app.randoop.RegressionTest5" time="0.001"/>
  <testcase name="test2857" classname="com.mycompany.app.randoop.RegressionTest5" time="0.0"/>
  <testcase name="test2858" classname="com.mycompany.app.randoop.RegressionTest5" time="0.0"/>
  <testcase name="test2858" classname="com.mycompany.app.randoop.RegressionTest5" time="0.001"/>
  <testcase name="test2859" classname="com.mycompany.app.randoop.RegressionTest5" time="0.0"/>
  <testcase name="test2859" classname="com.mycompany.app.randoop.RegressionTest5" time="0.0"/>
  <testcase name="test2860" classname="com.mycompany.app.randoop.RegressionTest5" time="0.0"/>
  <testcase name="test2860" classname="com.mycompany.app.randoop.RegressionTest5" time="0.0"/>
  <testcase name="test2861" classname="com.mycompany.app.randoop.RegressionTest5" time="0.0"/>
  <testcase name="test2861" classname="com.mycompany.app.randoop.RegressionTest5" time="0.0"/>
  <testcase name="test2862" classname="com.mycompany.app.randoop.RegressionTest5" time="0.0"/>
  <testcase name="test2862" classname="com.mycompany.app.randoop.RegressionTest5" time="0.001"/>
  <testcase name="test2863" classname="com.mycompany.app.randoop.RegressionTest5" time="0.001"/>
  <testcase name="test2863" classname="com.mycompany.app.randoop.RegressionTest5" time="0.002"/>
  <testcase name="test2864" classname="com.mycompany.app.randoop.RegressionTest5" time="0.0"/>
  <testcase name="test2864" classname="com.mycompany.app.randoop.RegressionTest5" time="0.001"/>
  <testcase name="test2865" classname="com.mycompany.app.randoop.RegressionTest5" time="0.0"/>
  <testcase name="test2865" classname="com.mycompany.app.randoop.RegressionTest5" time="0.0"/>
  <testcase name="test2866" classname="com.mycompany.app.randoop.RegressionTest5" time="0.0"/>
  <testcase name="test2866" classname="com.mycompany.app.randoop.RegressionTest5" time="0.0"/>
  <testcase name="test2867" classname="com.mycompany.app.randoop.RegressionTest5" time="0.0"/>
  <testcase name="test2867" classname="com.mycompany.app.randoop.RegressionTest5" time="0.0"/>
  <testcase name="test2868" classname="com.mycompany.app.randoop.RegressionTest5" time="0.001"/>
  <testcase name="test2868" classname="com.mycompany.app.randoop.RegressionTest5" time="0.0"/>
  <testcase name="test2869" classname="com.mycompany.app.randoop.RegressionTest5" time="0.0"/>
  <testcase name="test2869" classname="com.mycompany.app.randoop.RegressionTest5" time="0.0"/>
  <testcase name="test2870" classname="com.mycompany.app.randoop.RegressionTest5" time="0.0"/>
  <testcase name="test2870" classname="com.mycompany.app.randoop.RegressionTest5" time="0.0"/>
  <testcase name="test2871" classname="com.mycompany.app.randoop.RegressionTest5" time="0.0"/>
  <testcase name="test2871" classname="com.mycompany.app.randoop.RegressionTest5" time="0.002"/>
  <testcase name="test2872" classname="com.mycompany.app.randoop.RegressionTest5" time="0.0"/>
  <testcase name="test2872" classname="com.mycompany.app.randoop.RegressionTest5" time="0.0"/>
  <testcase name="test2873" classname="com.mycompany.app.randoop.RegressionTest5" time="0.0"/>
  <testcase name="test2873" classname="com.mycompany.app.randoop.RegressionTest5" time="0.0"/>
  <testcase name="test2874" classname="com.mycompany.app.randoop.RegressionTest5" time="0.0"/>
  <testcase name="test2874" classname="com.mycompany.app.randoop.RegressionTest5" time="0.001"/>
  <testcase name="test2875" classname="com.mycompany.app.randoop.RegressionTest5" time="0.0"/>
  <testcase name="test2875" classname="com.mycompany.app.randoop.RegressionTest5" time="0.0"/>
  <testcase name="test2876" classname="com.mycompany.app.randoop.RegressionTest5" time="0.0"/>
  <testcase name="test2876" classname="com.mycompany.app.randoop.RegressionTest5" time="0.0"/>
  <testcase name="test2877" classname="com.mycompany.app.randoop.RegressionTest5" time="0.0"/>
  <testcase name="test2877" classname="com.mycompany.app.randoop.RegressionTest5" time="0.0"/>
  <testcase name="test2878" classname="com.mycompany.app.randoop.RegressionTest5" time="0.0"/>
  <testcase name="test2878" classname="com.mycompany.app.randoop.RegressionTest5" time="0.001"/>
  <testcase name="test2879" classname="com.mycompany.app.randoop.RegressionTest5" time="0.0"/>
  <testcase name="test2879" classname="com.mycompany.app.randoop.RegressionTest5" time="0.0"/>
  <testcase name="test2880" classname="com.mycompany.app.randoop.RegressionTest5" time="0.0"/>
  <testcase name="test2880" classname="com.mycompany.app.randoop.RegressionTest5" time="0.004"/>
  <testcase name="test2881" classname="com.mycompany.app.randoop.RegressionTest5" time="0.0"/>
  <testcase name="test2881" classname="com.mycompany.app.randoop.RegressionTest5" time="0.0"/>
  <testcase name="test2882" classname="com.mycompany.app.randoop.RegressionTest5" time="0.0"/>
  <testcase name="test2882" classname="com.mycompany.app.randoop.RegressionTest5" time="0.0"/>
  <testcase name="test2883" classname="com.mycompany.app.randoop.RegressionTest5" time="0.0"/>
  <testcase name="test2883" classname="com.mycompany.app.randoop.RegressionTest5" time="0.0"/>
  <testcase name="test2884" classname="com.mycompany.app.randoop.RegressionTest5" time="0.0"/>
  <testcase name="test2884" classname="com.mycompany.app.randoop.RegressionTest5" time="0.001"/>
  <testcase name="test2885" classname="com.mycompany.app.randoop.RegressionTest5" time="0.0"/>
  <testcase name="test2885" classname="com.mycompany.app.randoop.RegressionTest5" time="0.0"/>
  <testcase name="test2886" classname="com.mycompany.app.randoop.RegressionTest5" time="0.0"/>
  <testcase name="test2886" classname="com.mycompany.app.randoop.RegressionTest5" time="0.0"/>
  <testcase name="test2887" classname="com.mycompany.app.randoop.RegressionTest5" time="0.0"/>
  <testcase name="test2887" classname="com.mycompany.app.randoop.RegressionTest5" time="0.0"/>
  <testcase name="test2888" classname="com.mycompany.app.randoop.RegressionTest5" time="0.0"/>
  <testcase name="test2888" classname="com.mycompany.app.randoop.RegressionTest5" time="0.0"/>
  <testcase name="test2889" classname="com.mycompany.app.randoop.RegressionTest5" time="0.0"/>
  <testcase name="test2889" classname="com.mycompany.app.randoop.RegressionTest5" time="0.0"/>
  <testcase name="test2890" classname="com.mycompany.app.randoop.RegressionTest5" time="0.0"/>
  <testcase name="test2890" classname="com.mycompany.app.randoop.RegressionTest5" time="0.0"/>
  <testcase name="test2891" classname="com.mycompany.app.randoop.RegressionTest5" time="0.0"/>
  <testcase name="test2891" classname="com.mycompany.app.randoop.RegressionTest5" time="0.0"/>
  <testcase name="test2892" classname="com.mycompany.app.randoop.RegressionTest5" time="0.0"/>
  <testcase name="test2892" classname="com.mycompany.app.randoop.RegressionTest5" time="0.0"/>
  <testcase name="test2893" classname="com.mycompany.app.randoop.RegressionTest5" time="0.001"/>
  <testcase name="test2893" classname="com.mycompany.app.randoop.RegressionTest5" time="0.0"/>
  <testcase name="test2894" classname="com.mycompany.app.randoop.RegressionTest5" time="0.0"/>
  <testcase name="test2894" classname="com.mycompany.app.randoop.RegressionTest5" time="0.0"/>
  <testcase name="test2895" classname="com.mycompany.app.randoop.RegressionTest5" time="0.0"/>
  <testcase name="test2895" classname="com.mycompany.app.randoop.RegressionTest5" time="0.0"/>
  <testcase name="test2896" classname="com.mycompany.app.randoop.RegressionTest5" time="0.0"/>
  <testcase name="test2896" classname="com.mycompany.app.randoop.RegressionTest5" time="0.004"/>
  <testcase name="test2897" classname="com.mycompany.app.randoop.RegressionTest5" time="0.0"/>
  <testcase name="test2897" classname="com.mycompany.app.randoop.RegressionTest5" time="0.0"/>
  <testcase name="test2898" classname="com.mycompany.app.randoop.RegressionTest5" time="0.001"/>
  <testcase name="test2898" classname="com.mycompany.app.randoop.RegressionTest5" time="0.0"/>
  <testcase name="test2899" classname="com.mycompany.app.randoop.RegressionTest5" time="0.0"/>
  <testcase name="test2899" classname="com.mycompany.app.randoop.RegressionTest5" time="0.002"/>
  <testcase name="test2900" classname="com.mycompany.app.randoop.RegressionTest5" time="0.0"/>
  <testcase name="test2900" classname="com.mycompany.app.randoop.RegressionTest5" time="0.0"/>
  <testcase name="test2901" classname="com.mycompany.app.randoop.RegressionTest5" time="0.0"/>
  <testcase name="test2901" classname="com.mycompany.app.randoop.RegressionTest5" time="0.0"/>
  <testcase name="test2902" classname="com.mycompany.app.randoop.RegressionTest5" time="0.0"/>
  <testcase name="test2902" classname="com.mycompany.app.randoop.RegressionTest5" time="0.0"/>
  <testcase name="test2903" classname="com.mycompany.app.randoop.RegressionTest5" time="0.001"/>
  <testcase name="test2903" classname="com.mycompany.app.randoop.RegressionTest5" time="0.0"/>
  <testcase name="test2904" classname="com.mycompany.app.randoop.RegressionTest5" time="0.0"/>
  <testcase name="test2904" classname="com.mycompany.app.randoop.RegressionTest5" time="0.0"/>
  <testcase name="test2905" classname="com.mycompany.app.randoop.RegressionTest5" time="0.0"/>
  <testcase name="test2905" classname="com.mycompany.app.randoop.RegressionTest5" time="0.0"/>
  <testcase name="test2906" classname="com.mycompany.app.randoop.RegressionTest5" time="0.0"/>
  <testcase name="test2906" classname="com.mycompany.app.randoop.RegressionTest5" time="0.0"/>
  <testcase name="test2907" classname="com.mycompany.app.randoop.RegressionTest5" time="0.0"/>
  <testcase name="test2907" classname="com.mycompany.app.randoop.RegressionTest5" time="0.0"/>
  <testcase name="test2908" classname="com.mycompany.app.randoop.RegressionTest5" time="0.0"/>
  <testcase name="test2908" classname="com.mycompany.app.randoop.RegressionTest5" time="0.001"/>
  <testcase name="test2909" classname="com.mycompany.app.randoop.RegressionTest5" time="0.0"/>
  <testcase name="test2909" classname="com.mycompany.app.randoop.RegressionTest5" time="0.0"/>
  <testcase name="test2910" classname="com.mycompany.app.randoop.RegressionTest5" time="0.0"/>
  <testcase name="test2910" classname="com.mycompany.app.randoop.RegressionTest5" time="0.0"/>
  <testcase name="test2911" classname="com.mycompany.app.randoop.RegressionTest5" time="0.0"/>
  <testcase name="test2911" classname="com.mycompany.app.randoop.RegressionTest5" time="0.0"/>
  <testcase name="test2912" classname="com.mycompany.app.randoop.RegressionTest5" time="0.0"/>
  <testcase name="test2912" classname="com.mycompany.app.randoop.RegressionTest5" time="0.0"/>
  <testcase name="test2913" classname="com.mycompany.app.randoop.RegressionTest5" time="0.0"/>
  <testcase name="test2913" classname="com.mycompany.app.randoop.RegressionTest5" time="0.0"/>
  <testcase name="test2914" classname="com.mycompany.app.randoop.RegressionTest5" time="0.0"/>
  <testcase name="test2914" classname="com.mycompany.app.randoop.RegressionTest5" time="0.0"/>
  <testcase name="test2915" classname="com.mycompany.app.randoop.RegressionTest5" time="0.0"/>
  <testcase name="test2915" classname="com.mycompany.app.randoop.RegressionTest5" time="0.0"/>
  <testcase name="test2916" classname="com.mycompany.app.randoop.RegressionTest5" time="0.0"/>
  <testcase name="test2916" classname="com.mycompany.app.randoop.RegressionTest5" time="0.0"/>
  <testcase name="test2917" classname="com.mycompany.app.randoop.RegressionTest5" time="0.0"/>
  <testcase name="test2917" classname="com.mycompany.app.randoop.RegressionTest5" time="0.0"/>
</testsuite>